# JRE version: OpenJDK Runtime Environment Temurin-17.0.6+10 (17.0.6+10) (build 17.0.6+10)
# Java VM: OpenJDK 64-Bit Server VM Temurin-17.0.6+10 (17.0.6+10, mixed mode, emulated-client, tiered, compressed oops, compressed class ptrs, g1 gc, linux-amd64)
Heap:
 garbage-first heap   total 69632K, used 24457K [0x0000000709800000, 0x0000000800000000)
  region size 2048K, 3 young (6144K), 2 survivors (4096K)
 Metaspace       used 61293K, committed 61760K, reserved 1105920K
  class space    used 8337K, committed 8576K, reserved 1048576K
GC Heap History (20 events):
Event: 2.979 GC heap before
{Heap before GC invocations=9 (full 0):
 garbage-first heap   total 40960K, used 28156K [0x0000000709800000, 0x0000000800000000)
  region size 2048K, 9 young (18432K), 2 survivors (4096K)
 Metaspace       used 35222K, committed 35520K, reserved 1081344K
  class space    used 4446K, committed 4544K, reserved 1048576K
}
Event: 2.981 GC heap after
{Heap after GC invocations=10 (full 0):
 garbage-first heap   total 40960K, used 15599K [0x0000000709800000, 0x0000000800000000)
  region size 2048K, 2 young (4096K), 2 survivors (4096K)
 Metaspace       used 35222K, committed 35520K, reserved 1081344K
  class space    used 4446K, committed 4544K, reserved 1048576K
}
Event: 3.040 GC heap before
{Heap before GC invocations=10 (full 0):
 garbage-first heap   total 40960K, used 23791K [0x0000000709800000, 0x0000000800000000)
  region size 2048K, 7 young (14336K), 2 survivors (4096K)
 Metaspace       used 35739K, committed 36096K, reserved 1081344K
  class space    used 4522K, committed 4736K, reserved 1048576K
}
Event: 3.042 GC heap after
{Heap after GC invocations=11 (full 0):
 garbage-first heap   total 147456K, used 15930K [0x0000000709800000, 0x0000000800000000)
  region size 2048K, 1 young (2048K), 1 survivors (2048K)
 Metaspace       used 35739K, committed 36096K, reserved 1081344K
  class space    used 4522K, committed 4736K, reserved 1048576K
}
Event: 3.926 GC heap before
{Heap before GC invocations=12 (full 0):
 garbage-first heap   total 75776K, used 58938K [0x0000000709800000, 0x0000000800000000)
  region size 2048K, 22 young (45056K), 1 survivors (2048K)
 Metaspace       used 47045K, committed 47424K, reserved 1097728K
  class space    used 6186K, committed 6336K, reserved 1048576K
}
Event: 3.928 GC heap after
{Heap after GC invocations=13 (full 0):
 garbage-first heap   total 75776K, used 18269K [0x0000000709800000, 0x0000000800000000)
  region size 2048K, 2 young (4096K), 2 survivors (4096K)
 Metaspace       used 47045K, committed 47424K, reserved 1097728K
  class space    used 6186K, committed 6336K, reserved 1048576K
}
Event: 4.344 GC heap before
{Heap before GC invocations=13 (full 0):
 garbage-first heap   total 75776K, used 51037K [0x0000000709800000, 0x0000000800000000)
  region size 2048K, 19 young (38912K), 2 survivors (4096K)
 Metaspace       used 55245K, committed 55616K, reserved 1097728K
  class space    used 7443K, committed 7616K, reserved 1048576K
}
Event: 4.346 GC heap after
{Heap after GC invocations=14 (full 0):
 garbage-first heap   total 75776K, used 20281K [0x0000000709800000, 0x0000000800000000)
  region size 2048K, 3 young (6144K), 3 survivors (6144K)
 Metaspace       used 55245K, committed 55616K, reserved 1097728K
  class space    used 7443K, committed 7616K, reserved 1048576K
}
Event: 4.590 GC heap before
{Heap before GC invocations=14 (full 0):
 garbage-first heap   total 75776K, used 53049K [0x0000000709800000, 0x0000000800000000)
  region size 2048K, 20 young (40960K), 3 survivors (6144K)
 Metaspace       used 60075K, committed 60416K, reserved 1105920K
  class space    used 8147K, committed 8320K, reserved 1048576K
}
Event: 4.592 GC heap after
{Heap after GC invocations=15 (full 0):
 garbage-first heap   total 75776K, used 23117K [0x0000000709800000, 0x0000000800000000)
  region size 2048K, 3 young (6144K), 3 survivors (6144K)
 Metaspace       used 60075K, committed 60416K, reserved 1105920K
  class space    used 8147K, committed 8320K, reserved 1048576K
}
Event: 111.385 GC heap before
{Heap before GC invocations=16 (full 0):
 garbage-first heap   total 75776K, used 37453K [0x0000000709800000, 0x0000000800000000)
  region size 2048K, 11 young (22528K), 3 survivors (6144K)
 Metaspace       used 61041K, committed 61504K, reserved 1105920K
  class space    used 8327K, committed 8576K, reserved 1048576K
}
Event: 111.408 GC heap after
{Heap after GC invocations=17 (full 1):
 garbage-first heap   total 69632K, used 19595K [0x0000000709800000, 0x0000000800000000)
  region size 2048K, 0 young (0K), 0 survivors (0K)
 Metaspace       used 61041K, committed 61504K, reserved 1105920K
  class space    used 8327K, committed 8576K, reserved 1048576K
}
Event: 111.496 GC heap before
{Heap before GC invocations=17 (full 1):
 garbage-first heap   total 69632K, used 50315K [0x0000000709800000, 0x0000000800000000)
  region size 2048K, 16 young (32768K), 0 survivors (0K)
 Metaspace       used 61070K, committed 61568K, reserved 1105920K
  class space    used 8332K, committed 8576K, reserved 1048576K
}
Event: 111.497 GC heap after
{Heap after GC invocations=18 (full 1):
 garbage-first heap   total 69632K, used 22347K [0x0000000709800000, 0x0000000800000000)
  region size 2048K, 2 young (4096K), 2 survivors (4096K)
 Metaspace       used 61070K, committed 61568K, reserved 1105920K
  class space    used 8332K, committed 8576K, reserved 1048576K
}
Event: 124.196 GC heap before
{Heap before GC invocations=18 (full 1):
 garbage-first heap   total 69632K, used 48971K [0x0000000709800000, 0x0000000800000000)
  region size 2048K, 16 young (32768K), 2 survivors (4096K)
 Metaspace       used 61246K, committed 61696K, reserved 1105920K
  class space    used 8347K, committed 8576K, reserved 1048576K
}
Event: 124.220 GC heap after
{Heap after GC invocations=19 (full 2):
 garbage-first heap   total 69632K, used 18669K [0x0000000709800000, 0x0000000800000000)
  region size 2048K, 0 young (0K), 0 survivors (0K)
 Metaspace       used 61105K, committed 61696K, reserved 1105920K
  class space    used 8316K, committed 8576K, reserved 1048576K
}
Event: 124.295 GC heap before
{Heap before GC invocations=19 (full 2):
 garbage-first heap   total 69632K, used 47341K [0x0000000709800000, 0x0000000800000000)
  region size 2048K, 15 young (30720K), 0 survivors (0K)
 Metaspace       used 61134K, committed 61696K, reserved 1105920K
  class space    used 8321K, committed 8576K, reserved 1048576K
}
Event: 124.296 GC heap after
{Heap after GC invocations=20 (full 2):
 garbage-first heap   total 69632K, used 21075K [0x0000000709800000, 0x0000000800000000)
  region size 2048K, 2 young (4096K), 2 survivors (4096K)
 Metaspace       used 61134K, committed 61696K, reserved 1105920K
  class space    used 8321K, committed 8576K, reserved 1048576K
}
Event: 160.990 GC heap before
{Heap before GC invocations=20 (full 2):
 garbage-first heap   total 69632K, used 47699K [0x0000000709800000, 0x0000000800000000)
  region size 2048K, 16 young (32768K), 2 survivors (4096K)
 Metaspace       used 61293K, committed 61760K, reserved 1105920K
  class space    used 8337K, committed 8576K, reserved 1048576K
}
Event: 160.994 GC heap after
{Heap after GC invocations=21 (full 2):
 garbage-first heap   total 69632K, used 22739K [0x0000000709800000, 0x0000000800000000)
  region size 2048K, 2 young (4096K), 2 survivors (4096K)
 Metaspace       used 61293K, committed 61760K, reserved 1105920K
  class space    used 8337K, committed 8576K, reserved 1048576K
}

