# JRE version: OpenJDK Runtime Environment Temurin-17.0.6+10 (17.0.6+10) (build 17.0.6+10)
# Java VM: OpenJDK 64-Bit Server VM Temurin-17.0.6+10 (17.0.6+10, mixed mode, emulated-client, tiered, compressed oops, compressed class ptrs, g1 gc, linux-amd64)
Heap:
 garbage-first heap   total 75776K, used 50367K [0x0000000709800000, 0x0000000800000000)
  region size 2048K, 16 young (32768K), 2 survivors (4096K)
 Metaspace       used 61479K, committed 61952K, reserved 1105920K
  class space    used 8360K, committed 8576K, reserved 1048576K
GC Heap History (20 events):
Event: 0.488 GC heap before
{Heap before GC invocations=2 (full 0):
 garbage-first heap   total 253952K, used 10516K [0x0000000709800000, 0x0000000800000000)
  region size 2048K, 3 young (6144K), 1 survivors (2048K)
 Metaspace       used 21308K, committed 21504K, reserved 1073152K
  class space    used 2484K, committed 2560K, reserved 1048576K
}
Event: 0.489 GC heap after
{Heap after GC invocations=3 (full 0):
 garbage-first heap   total 253952K, used 8523K [0x0000000709800000, 0x0000000800000000)
  region size 2048K, 1 young (2048K), 1 survivors (2048K)
 Metaspace       used 21308K, committed 21504K, reserved 1073152K
  class space    used 2484K, committed 2560K, reserved 1048576K
}
Event: 0.591 GC heap before
{Heap before GC invocations=4 (full 0):
 garbage-first heap   total 49152K, used 33099K [0x0000000709800000, 0x0000000800000000)
  region size 2048K, 15 young (30720K), 1 survivors (2048K)
 Metaspace       used 26361K, committed 26688K, reserved 1073152K
  class space    used 3165K, committed 3328K, reserved 1048576K
}
Event: 0.595 GC heap after
{Heap after GC invocations=5 (full 0):
 garbage-first heap   total 49152K, used 9731K [0x0000000709800000, 0x0000000800000000)
  region size 2048K, 2 young (4096K), 2 survivors (4096K)
 Metaspace       used 26361K, committed 26688K, reserved 1073152K
  class space    used 3165K, committed 3328K, reserved 1048576K
}
Event: 0.714 GC heap before
{Heap before GC invocations=5 (full 0):
 garbage-first heap   total 49152K, used 28163K [0x0000000709800000, 0x0000000800000000)
  region size 2048K, 12 young (24576K), 2 survivors (4096K)
 Metaspace       used 27702K, committed 28032K, reserved 1081344K
  class space    used 3358K, committed 3520K, reserved 1048576K
}
Event: 0.716 GC heap after
{Heap after GC invocations=6 (full 0):
 garbage-first heap   total 151552K, used 10837K [0x0000000709800000, 0x0000000800000000)
  region size 2048K, 2 young (4096K), 2 survivors (4096K)
 Metaspace       used 27702K, committed 28032K, reserved 1081344K
  class space    used 3358K, committed 3520K, reserved 1048576K
}
Event: 1.049 GC heap before
{Heap before GC invocations=6 (full 0):
 garbage-first heap   total 151552K, used 68181K [0x0000000709800000, 0x0000000800000000)
  region size 2048K, 31 young (63488K), 2 survivors (4096K)
 Metaspace       used 35990K, committed 36288K, reserved 1081344K
  class space    used 4544K, committed 4736K, reserved 1048576K
}
Event: 1.053 GC heap after
{Heap after GC invocations=7 (full 0):
 garbage-first heap   total 151552K, used 15307K [0x0000000709800000, 0x0000000800000000)
  region size 2048K, 4 young (8192K), 4 survivors (8192K)
 Metaspace       used 35990K, committed 36288K, reserved 1081344K
  class space    used 4544K, committed 4736K, reserved 1048576K
}
Event: 1.305 GC heap before
{Heap before GC invocations=8 (full 0):
 garbage-first heap   total 69632K, used 54219K [0x0000000709800000, 0x0000000800000000)
  region size 2048K, 24 young (49152K), 4 survivors (8192K)
 Metaspace       used 46577K, committed 46976K, reserved 1097728K
  class space    used 6073K, committed 6272K, reserved 1048576K
}
Event: 1.311 GC heap after
{Heap after GC invocations=9 (full 0):
 garbage-first heap   total 71680K, used 18132K [0x0000000709800000, 0x0000000800000000)
  region size 2048K, 5 young (10240K), 5 survivors (10240K)
 Metaspace       used 46577K, committed 46976K, reserved 1097728K
  class space    used 6073K, committed 6272K, reserved 1048576K
}
Event: 1.495 GC heap before
{Heap before GC invocations=9 (full 0):
 garbage-first heap   total 71680K, used 46804K [0x0000000709800000, 0x0000000800000000)
  region size 2048K, 20 young (40960K), 5 survivors (10240K)
 Metaspace       used 54639K, committed 55040K, reserved 1097728K
  class space    used 7382K, committed 7552K, reserved 1048576K
}
Event: 1.497 GC heap after
{Heap after GC invocations=10 (full 0):
 garbage-first heap   total 71680K, used 19576K [0x0000000709800000, 0x0000000800000000)
  region size 2048K, 3 young (6144K), 3 survivors (6144K)
 Metaspace       used 54639K, committed 55040K, reserved 1097728K
  class space    used 7382K, committed 7552K, reserved 1048576K
}
Event: 1.649 GC heap before
{Heap before GC invocations=10 (full 0):
 garbage-first heap   total 71680K, used 48248K [0x0000000709800000, 0x0000000800000000)
  region size 2048K, 18 young (36864K), 3 survivors (6144K)
 Metaspace       used 58923K, committed 59264K, reserved 1105920K
  class space    used 7992K, committed 8128K, reserved 1048576K
}
Event: 1.650 GC heap after
{Heap after GC invocations=11 (full 0):
 garbage-first heap   total 86016K, used 22200K [0x0000000709800000, 0x0000000800000000)
  region size 2048K, 3 young (6144K), 3 survivors (6144K)
 Metaspace       used 58923K, committed 59264K, reserved 1105920K
  class space    used 7992K, committed 8128K, reserved 1048576K
}
Event: 1.743 GC heap before
{Heap before GC invocations=11 (full 0):
 garbage-first heap   total 86016K, used 38584K [0x0000000709800000, 0x0000000800000000)
  region size 2048K, 12 young (24576K), 3 survivors (6144K)
 Metaspace       used 60701K, committed 61056K, reserved 1105920K
  class space    used 8252K, committed 8448K, reserved 1048576K
}
Event: 1.748 GC heap after
{Heap after GC invocations=12 (full 0):
 garbage-first heap   total 86016K, used 24175K [0x0000000709800000, 0x0000000800000000)
  region size 2048K, 3 young (6144K), 3 survivors (6144K)
 Metaspace       used 60701K, committed 61056K, reserved 1105920K
  class space    used 8252K, committed 8448K, reserved 1048576K
}
Event: 45.251 GC heap before
{Heap before GC invocations=13 (full 0):
 garbage-first heap   total 86016K, used 32367K [0x0000000709800000, 0x0000000800000000)
  region size 2048K, 8 young (16384K), 3 survivors (6144K)
 Metaspace       used 61289K, committed 61696K, reserved 1105920K
  class space    used 8342K, committed 8512K, reserved 1048576K
}
Event: 45.271 GC heap after
{Heap after GC invocations=14 (full 1):
 garbage-first heap   total 75776K, used 19539K [0x0000000709800000, 0x0000000800000000)
  region size 2048K, 0 young (0K), 0 survivors (0K)
 Metaspace       used 61280K, committed 61696K, reserved 1105920K
  class space    used 8341K, committed 8512K, reserved 1048576K
}
Event: 45.425 GC heap before
{Heap before GC invocations=14 (full 1):
 garbage-first heap   total 75776K, used 52307K [0x0000000709800000, 0x0000000800000000)
  region size 2048K, 17 young (34816K), 0 survivors (0K)
 Metaspace       used 61313K, committed 61824K, reserved 1105920K
  class space    used 8347K, committed 8576K, reserved 1048576K
}
Event: 45.426 GC heap after
{Heap after GC invocations=15 (full 1):
 garbage-first heap   total 75776K, used 22716K [0x0000000709800000, 0x0000000800000000)
  region size 2048K, 2 young (4096K), 2 survivors (4096K)
 Metaspace       used 61313K, committed 61824K, reserved 1105920K
  class space    used 8347K, committed 8576K, reserved 1048576K
}

