# JRE version: OpenJDK Runtime Environment Temurin-17.0.6+10 (17.0.6+10) (build 17.0.6+10)
# Java VM: OpenJDK 64-Bit Server VM Temurin-17.0.6+10 (17.0.6+10, mixed mode, emulated-client, tiered, compressed oops, compressed class ptrs, g1 gc, linux-amd64)
Heap:
 garbage-first heap   total 90112K, used 49985K [0x0000000709800000, 0x0000000800000000)
  region size 2048K, 14 young (28672K), 3 survivors (6144K)
 Metaspace       used 54468K, committed 54976K, reserved 1097728K
  class space    used 7089K, committed 7360K, reserved 1048576K
GC Heap History (20 events):
Event: 0.514 GC heap before
{Heap before GC invocations=5 (full 0):
 garbage-first heap   total 34816K, used 8786K [0x0000000709800000, 0x0000000800000000)
  region size 2048K, 3 young (6144K), 2 survivors (4096K)
 Metaspace       used 24315K, committed 24576K, reserved 1073152K
  class space    used 3068K, committed 3200K, reserved 1048576K
}
Event: 0.518 GC heap after
{Heap after GC invocations=6 (full 0):
 garbage-first heap   total 145408K, used 9021K [0x0000000709800000, 0x0000000800000000)
  region size 2048K, 1 young (2048K), 1 survivors (2048K)
 Metaspace       used 24315K, committed 24576K, reserved 1073152K
  class space    used 3068K, committed 3200K, reserved 1048576K
}
Event: 0.817 GC heap before
{Heap before GC invocations=6 (full 0):
 garbage-first heap   total 145408K, used 76605K [0x0000000709800000, 0x0000000800000000)
  region size 2048K, 36 young (73728K), 1 survivors (2048K)
 Metaspace       used 35819K, committed 36160K, reserved 1081344K
  class space    used 4570K, committed 4736K, reserved 1048576K
}
Event: 0.820 GC heap after
{Heap after GC invocations=7 (full 0):
 garbage-first heap   total 145408K, used 13468K [0x0000000709800000, 0x0000000800000000)
  region size 2048K, 3 young (6144K), 3 survivors (6144K)
 Metaspace       used 35819K, committed 36160K, reserved 1081344K
  class space    used 4570K, committed 4736K, reserved 1048576K
}
Event: 0.920 GC heap before
{Heap before GC invocations=8 (full 0):
 garbage-first heap   total 55296K, used 40092K [0x0000000709800000, 0x0000000800000000)
  region size 2048K, 18 young (36864K), 3 survivors (6144K)
 Metaspace       used 37921K, committed 38336K, reserved 1089536K
  class space    used 4874K, committed 5056K, reserved 1048576K
}
Event: 0.924 GC heap after
{Heap after GC invocations=9 (full 0):
 garbage-first heap   total 59392K, used 21259K [0x0000000709800000, 0x0000000800000000)
  region size 2048K, 6 young (12288K), 6 survivors (12288K)
 Metaspace       used 37921K, committed 38336K, reserved 1089536K
  class space    used 4874K, committed 5056K, reserved 1048576K
}
Event: 0.930 GC heap before
{Heap before GC invocations=9 (full 0):
 garbage-first heap   total 59392K, used 21259K [0x0000000709800000, 0x0000000800000000)
  region size 2048K, 7 young (14336K), 6 survivors (12288K)
 Metaspace       used 37924K, committed 38336K, reserved 1089536K
  class space    used 4875K, committed 5056K, reserved 1048576K
}
Event: 0.933 GC heap after
{Heap after GC invocations=10 (full 0):
 garbage-first heap   total 59392K, used 22251K [0x0000000709800000, 0x0000000800000000)
  region size 2048K, 1 young (2048K), 1 survivors (2048K)
 Metaspace       used 37924K, committed 38336K, reserved 1089536K
  class space    used 4875K, committed 5056K, reserved 1048576K
}
Event: 0.982 GC heap before
{Heap before GC invocations=10 (full 0):
 garbage-first heap   total 59392K, used 38635K [0x0000000709800000, 0x0000000800000000)
  region size 2048K, 9 young (18432K), 1 survivors (2048K)
 Metaspace       used 38490K, committed 38784K, reserved 1089536K
  class space    used 4924K, committed 5056K, reserved 1048576K
}
Event: 0.983 GC heap after
{Heap after GC invocations=11 (full 0):
 garbage-first heap   total 157696K, used 23605K [0x0000000709800000, 0x0000000800000000)
  region size 2048K, 2 young (4096K), 2 survivors (4096K)
 Metaspace       used 38490K, committed 38784K, reserved 1089536K
  class space    used 4924K, committed 5056K, reserved 1048576K
}
Event: 5.492 GC heap before
{Heap before GC invocations=11 (full 0):
 garbage-first heap   total 157696K, used 93237K [0x0000000709800000, 0x0000000800000000)
  region size 2048K, 37 young (75776K), 2 survivors (4096K)
 Metaspace       used 47143K, committed 47616K, reserved 1097728K
  class space    used 6099K, committed 6336K, reserved 1048576K
}
Event: 5.496 GC heap after
{Heap after GC invocations=12 (full 0):
 garbage-first heap   total 157696K, used 28748K [0x0000000709800000, 0x0000000800000000)
  region size 2048K, 4 young (8192K), 4 survivors (8192K)
 Metaspace       used 47143K, committed 47616K, reserved 1097728K
  class space    used 6099K, committed 6336K, reserved 1048576K
}
Event: 1146.636 GC heap before
{Heap before GC invocations=12 (full 0):
 garbage-first heap   total 157696K, used 102476K [0x0000000709800000, 0x0000000800000000)
  region size 2048K, 40 young (81920K), 4 survivors (8192K)
 Metaspace       used 54340K, committed 54784K, reserved 1097728K
  class space    used 7072K, committed 7296K, reserved 1048576K
}
Event: 1146.644 GC heap after
{Heap after GC invocations=13 (full 0):
 garbage-first heap   total 157696K, used 33900K [0x0000000709800000, 0x0000000800000000)
  region size 2048K, 2 young (4096K), 2 survivors (4096K)
 Metaspace       used 54340K, committed 54784K, reserved 1097728K
  class space    used 7072K, committed 7296K, reserved 1048576K
}
Event: 2911.210 GC heap before
{Heap before GC invocations=13 (full 0):
 garbage-first heap   total 157696K, used 66668K [0x0000000709800000, 0x0000000800000000)
  region size 2048K, 19 young (38912K), 2 survivors (4096K)
 Metaspace       used 54456K, committed 54976K, reserved 1097728K
  class space    used 7092K, committed 7360K, reserved 1048576K
}
Event: 2911.235 GC heap after
{Heap after GC invocations=14 (full 1):
 garbage-first heap   total 90112K, used 21269K [0x0000000709800000, 0x0000000800000000)
  region size 2048K, 0 young (0K), 0 survivors (0K)
 Metaspace       used 54263K, committed 54976K, reserved 1097728K
  class space    used 7052K, committed 7360K, reserved 1048576K
}
Event: 2911.522 GC heap before
{Heap before GC invocations=14 (full 1):
 garbage-first heap   total 90112K, used 56085K [0x0000000709800000, 0x0000000800000000)
  region size 2048K, 18 young (36864K), 0 survivors (0K)
 Metaspace       used 54346K, committed 54976K, reserved 1097728K
  class space    used 7068K, committed 7360K, reserved 1048576K
}
Event: 2911.526 GC heap after
{Heap after GC invocations=15 (full 1):
 garbage-first heap   total 90112K, used 24771K [0x0000000709800000, 0x0000000800000000)
  region size 2048K, 2 young (4096K), 2 survivors (4096K)
 Metaspace       used 54346K, committed 54976K, reserved 1097728K
  class space    used 7068K, committed 7360K, reserved 1048576K
}
Event: 2913.556 GC heap before
{Heap before GC invocations=15 (full 1):
 garbage-first heap   total 90112K, used 61635K [0x0000000709800000, 0x0000000800000000)
  region size 2048K, 19 young (38912K), 2 survivors (4096K)
 Metaspace       used 54464K, committed 54976K, reserved 1097728K
  class space    used 7089K, committed 7360K, reserved 1048576K
}
Event: 2913.557 GC heap after
{Heap after GC invocations=16 (full 1):
 garbage-first heap   total 90112K, used 29048K [0x0000000709800000, 0x0000000800000000)
  region size 2048K, 3 young (6144K), 3 survivors (6144K)
 Metaspace       used 54464K, committed 54976K, reserved 1097728K
  class space    used 7089K, committed 7360K, reserved 1048576K
}

