# JRE version: OpenJDK Runtime Environment Temurin-17.0.6+10 (17.0.6+10) (build 17.0.6+10)
# Java VM: OpenJDK 64-Bit Server VM Temurin-17.0.6+10 (17.0.6+10, mixed mode, emulated-client, tiered, compressed oops, compressed class ptrs, g1 gc, linux-amd64)
Heap:
 garbage-first heap   total 90112K, used 41299K [0x0000000709800000, 0x0000000800000000)
  region size 2048K, 9 young (18432K), 3 survivors (6144K)
 Metaspace       used 67081K, committed 67584K, reserved 1114112K
  class space    used 9122K, committed 9344K, reserved 1048576K
GC Heap History (20 events):
Event: 3.044 GC heap before
{Heap before GC invocations=8 (full 0):
 garbage-first heap   total 69632K, used 53261K [0x0000000709800000, 0x0000000800000000)
  region size 2048K, 24 young (49152K), 4 survivors (8192K)
 Metaspace       used 39647K, committed 40064K, reserved 1089536K
  class space    used 5051K, committed 5248K, reserved 1048576K
}
Event: 3.048 GC heap after
{Heap after GC invocations=9 (full 0):
 garbage-first heap   total 73728K, used 21574K [0x0000000709800000, 0x0000000800000000)
  region size 2048K, 6 young (12288K), 6 survivors (12288K)
 Metaspace       used 39647K, committed 40064K, reserved 1089536K
  class space    used 5051K, committed 5248K, reserved 1048576K
}
Event: 3.051 GC heap before
{Heap before GC invocations=9 (full 0):
 garbage-first heap   total 73728K, used 21574K [0x0000000709800000, 0x0000000800000000)
  region size 2048K, 7 young (14336K), 6 survivors (12288K)
 Metaspace       used 39647K, committed 40064K, reserved 1089536K
  class space    used 5051K, committed 5248K, reserved 1048576K
}
Event: 3.053 GC heap after
{Heap after GC invocations=10 (full 0):
 garbage-first heap   total 73728K, used 21994K [0x0000000709800000, 0x0000000800000000)
  region size 2048K, 1 young (2048K), 1 survivors (2048K)
 Metaspace       used 39647K, committed 40064K, reserved 1089536K
  class space    used 5051K, committed 5248K, reserved 1048576K
}
Event: 3.187 GC heap before
{Heap before GC invocations=10 (full 0):
 garbage-first heap   total 73728K, used 50666K [0x0000000709800000, 0x0000000800000000)
  region size 2048K, 16 young (32768K), 1 survivors (2048K)
 Metaspace       used 44717K, committed 45056K, reserved 1089536K
  class space    used 5648K, committed 5824K, reserved 1048576K
}
Event: 3.188 GC heap after
{Heap after GC invocations=11 (full 0):
 garbage-first heap   total 180224K, used 22438K [0x0000000709800000, 0x0000000800000000)
  region size 2048K, 1 young (2048K), 1 survivors (2048K)
 Metaspace       used 44717K, committed 45056K, reserved 1089536K
  class space    used 5648K, committed 5824K, reserved 1048576K
}
Event: 3.558 GC heap before
{Heap before GC invocations=11 (full 0):
 garbage-first heap   total 180224K, used 85926K [0x0000000709800000, 0x0000000800000000)
  region size 2048K, 33 young (67584K), 1 survivors (2048K)
 Metaspace       used 60396K, committed 60800K, reserved 1105920K
  class space    used 8107K, committed 8320K, reserved 1048576K
}
Event: 3.564 GC heap after
{Heap after GC invocations=12 (full 0):
 garbage-first heap   total 180224K, used 25979K [0x0000000709800000, 0x0000000800000000)
  region size 2048K, 3 young (6144K), 3 survivors (6144K)
 Metaspace       used 60396K, committed 60800K, reserved 1105920K
  class space    used 8107K, committed 8320K, reserved 1048576K
}
Event: 118.521 GC heap before
{Heap before GC invocations=13 (full 0):
 garbage-first heap   total 102400K, used 81275K [0x0000000709800000, 0x0000000800000000)
  region size 2048K, 30 young (61440K), 3 survivors (6144K)
 Metaspace       used 64159K, committed 64576K, reserved 1105920K
  class space    used 8738K, committed 8960K, reserved 1048576K
}
Event: 118.528 GC heap after
{Heap after GC invocations=14 (full 0):
 garbage-first heap   total 102400K, used 29809K [0x0000000709800000, 0x0000000800000000)
  region size 2048K, 4 young (8192K), 4 survivors (8192K)
 Metaspace       used 64159K, committed 64576K, reserved 1105920K
  class space    used 8738K, committed 8960K, reserved 1048576K
}
Event: 958.604 GC heap before
{Heap before GC invocations=14 (full 0):
 garbage-first heap   total 102400K, used 78961K [0x0000000709800000, 0x0000000800000000)
  region size 2048K, 28 young (57344K), 4 survivors (8192K)
 Metaspace       used 66586K, committed 67072K, reserved 1114112K
  class space    used 9053K, committed 9280K, reserved 1048576K
}
Event: 958.611 GC heap after
{Heap after GC invocations=15 (full 0):
 garbage-first heap   total 102400K, used 30322K [0x0000000709800000, 0x0000000800000000)
  region size 2048K, 3 young (6144K), 3 survivors (6144K)
 Metaspace       used 66586K, committed 67072K, reserved 1114112K
  class space    used 9053K, committed 9280K, reserved 1048576K
}
Event: 2000.963 GC heap before
{Heap before GC invocations=15 (full 0):
 garbage-first heap   total 102400K, used 79474K [0x0000000709800000, 0x0000000800000000)
  region size 2048K, 27 young (55296K), 3 survivors (6144K)
 Metaspace       used 66591K, committed 67072K, reserved 1114112K
  class space    used 9054K, committed 9280K, reserved 1048576K
}
Event: 2000.970 GC heap after
{Heap after GC invocations=16 (full 0):
 garbage-first heap   total 102400K, used 30580K [0x0000000709800000, 0x0000000800000000)
  region size 2048K, 1 young (2048K), 1 survivors (2048K)
 Metaspace       used 66591K, committed 67072K, reserved 1114112K
  class space    used 9054K, committed 9280K, reserved 1048576K
}
Event: 2908.563 GC heap before
{Heap before GC invocations=16 (full 0):
 garbage-first heap   total 102400K, used 73588K [0x0000000709800000, 0x0000000800000000)
  region size 2048K, 23 young (47104K), 1 survivors (2048K)
 Metaspace       used 66841K, committed 67264K, reserved 1114112K
  class space    used 9092K, committed 9280K, reserved 1048576K
}
Event: 2908.586 GC heap after
{Heap after GC invocations=17 (full 1):
 garbage-first heap   total 90112K, used 22084K [0x0000000709800000, 0x0000000800000000)
  region size 2048K, 0 young (0K), 0 survivors (0K)
 Metaspace       used 66672K, committed 67264K, reserved 1114112K
  class space    used 9056K, committed 9280K, reserved 1048576K
}
Event: 2909.326 GC heap before
{Heap before GC invocations=17 (full 1):
 garbage-first heap   total 90112K, used 67140K [0x0000000709800000, 0x0000000800000000)
  region size 2048K, 22 young (45056K), 0 survivors (0K)
 Metaspace       used 66794K, committed 67264K, reserved 1114112K
  class space    used 9082K, committed 9280K, reserved 1048576K
}
Event: 2909.328 GC heap after
{Heap after GC invocations=18 (full 1):
 garbage-first heap   total 90112K, used 26674K [0x0000000709800000, 0x0000000800000000)
  region size 2048K, 3 young (6144K), 3 survivors (6144K)
 Metaspace       used 66794K, committed 67264K, reserved 1114112K
  class space    used 9082K, committed 9280K, reserved 1048576K
}
Event: 2909.449 GC heap before
{Heap before GC invocations=18 (full 1):
 garbage-first heap   total 90112K, used 63538K [0x0000000709800000, 0x0000000800000000)
  region size 2048K, 22 young (45056K), 3 survivors (6144K)
 Metaspace       used 67033K, committed 67520K, reserved 1114112K
  class space    used 9113K, committed 9344K, reserved 1048576K
}
Event: 2909.451 GC heap after
{Heap after GC invocations=19 (full 1):
 garbage-first heap   total 90112K, used 30474K [0x0000000709800000, 0x0000000800000000)
  region size 2048K, 3 young (6144K), 3 survivors (6144K)
 Metaspace       used 67033K, committed 67520K, reserved 1114112K
  class space    used 9113K, committed 9344K, reserved 1048576K
}

