# JRE version: OpenJDK Runtime Environment Temurin-17.0.6+10 (17.0.6+10) (build 17.0.6+10)
# Java VM: OpenJDK 64-Bit Server VM Temurin-17.0.6+10 (17.0.6+10, mixed mode, emulated-client, tiered, compressed oops, compressed class ptrs, g1 gc, linux-amd64)
Heap:
 garbage-first heap   total 96256K, used 65513K [0x0000000709800000, 0x0000000800000000)
  region size 2048K, 21 young (43008K), 2 survivors (4096K)
 Metaspace       used 62609K, committed 63168K, reserved 1105920K
  class space    used 8503K, committed 8768K, reserved 1048576K
GC Heap History (20 events):
Event: 0.806 GC heap before
{Heap before GC invocations=4 (full 0):
 garbage-first heap   total 49152K, used 31901K [0x0000000709800000, 0x0000000800000000)
  region size 2048K, 14 young (28672K), 1 survivors (2048K)
 Metaspace       used 26330K, committed 26688K, reserved 1073152K
  class space    used 3165K, committed 3328K, reserved 1048576K
}
Event: 0.809 GC heap after
{Heap after GC invocations=5 (full 0):
 garbage-first heap   total 49152K, used 10240K [0x0000000709800000, 0x0000000800000000)
  region size 2048K, 2 young (4096K), 2 survivors (4096K)
 Metaspace       used 26330K, committed 26688K, reserved 1073152K
  class space    used 3165K, committed 3328K, reserved 1048576K
}
Event: 0.828 GC heap before
{Heap before GC invocations=5 (full 0):
 garbage-first heap   total 49152K, used 12288K [0x0000000709800000, 0x0000000800000000)
  region size 2048K, 3 young (6144K), 2 survivors (4096K)
 Metaspace       used 26535K, committed 26816K, reserved 1073152K
  class space    used 3194K, committed 3328K, reserved 1048576K
}
Event: 0.832 GC heap after
{Heap after GC invocations=6 (full 0):
 garbage-first heap   total 151552K, used 10589K [0x0000000709800000, 0x0000000800000000)
  region size 2048K, 1 young (2048K), 1 survivors (2048K)
 Metaspace       used 26535K, committed 26816K, reserved 1073152K
  class space    used 3194K, committed 3328K, reserved 1048576K
}
Event: 1.716 GC heap before
{Heap before GC invocations=6 (full 0):
 garbage-first heap   total 151552K, used 86365K [0x0000000709800000, 0x0000000800000000)
  region size 2048K, 39 young (79872K), 1 survivors (2048K)
 Metaspace       used 35874K, committed 36160K, reserved 1081344K
  class space    used 4553K, committed 4672K, reserved 1048576K
}
Event: 1.721 GC heap after
{Heap after GC invocations=7 (full 0):
 garbage-first heap   total 151552K, used 16783K [0x0000000709800000, 0x0000000800000000)
  region size 2048K, 4 young (8192K), 4 survivors (8192K)
 Metaspace       used 35874K, committed 36160K, reserved 1081344K
  class space    used 4553K, committed 4672K, reserved 1048576K
}
Event: 1.827 GC heap before
{Heap before GC invocations=8 (full 0):
 garbage-first heap   total 69632K, used 51599K [0x0000000709800000, 0x0000000800000000)
  region size 2048K, 23 young (47104K), 4 survivors (8192K)
 Metaspace       used 37344K, committed 37760K, reserved 1089536K
  class space    used 4719K, committed 4928K, reserved 1048576K
}
Event: 1.830 GC heap after
{Heap after GC invocations=9 (full 0):
 garbage-first heap   total 69632K, used 19418K [0x0000000709800000, 0x0000000800000000)
  region size 2048K, 2 young (4096K), 2 survivors (4096K)
 Metaspace       used 37344K, committed 37760K, reserved 1089536K
  class space    used 4719K, committed 4928K, reserved 1048576K
}
Event: 1.837 GC heap before
{Heap before GC invocations=9 (full 0):
 garbage-first heap   total 69632K, used 21466K [0x0000000709800000, 0x0000000800000000)
  region size 2048K, 3 young (6144K), 2 survivors (4096K)
 Metaspace       used 37487K, committed 37888K, reserved 1089536K
  class space    used 4743K, committed 4928K, reserved 1048576K
}
Event: 1.839 GC heap after
{Heap after GC invocations=10 (full 0):
 garbage-first heap   total 69632K, used 20203K [0x0000000709800000, 0x0000000800000000)
  region size 2048K, 1 young (2048K), 1 survivors (2048K)
 Metaspace       used 37487K, committed 37888K, reserved 1089536K
  class space    used 4743K, committed 4928K, reserved 1048576K
}
Event: 2.122 GC heap before
{Heap before GC invocations=10 (full 0):
 garbage-first heap   total 69632K, used 44779K [0x0000000709800000, 0x0000000800000000)
  region size 2048K, 14 young (28672K), 1 survivors (2048K)
 Metaspace       used 44204K, committed 44544K, reserved 1089536K
  class space    used 5560K, committed 5696K, reserved 1048576K
}
Event: 2.123 GC heap after
{Heap after GC invocations=11 (full 0):
 garbage-first heap   total 139264K, used 21559K [0x0000000709800000, 0x0000000800000000)
  region size 2048K, 2 young (4096K), 2 survivors (4096K)
 Metaspace       used 44204K, committed 44544K, reserved 1089536K
  class space    used 5560K, committed 5696K, reserved 1048576K
}
Event: 2.698 GC heap before
{Heap before GC invocations=11 (full 0):
 garbage-first heap   total 139264K, used 99383K [0x0000000709800000, 0x0000000800000000)
  region size 2048K, 40 young (81920K), 2 survivors (4096K)
 Metaspace       used 60055K, committed 60480K, reserved 1105920K
  class space    used 8109K, committed 8320K, reserved 1048576K
}
Event: 2.702 GC heap after
{Heap after GC invocations=12 (full 0):
 garbage-first heap   total 139264K, used 26754K [0x0000000709800000, 0x0000000800000000)
  region size 2048K, 4 young (8192K), 4 survivors (8192K)
 Metaspace       used 60055K, committed 60480K, reserved 1105920K
  class space    used 8109K, committed 8320K, reserved 1048576K
}
Event: 2.720 GC heap before
{Heap before GC invocations=12 (full 0):
 garbage-first heap   total 139264K, used 30850K [0x0000000709800000, 0x0000000800000000)
  region size 2048K, 7 young (14336K), 4 survivors (8192K)
 Metaspace       used 60303K, committed 60736K, reserved 1105920K
  class space    used 8150K, committed 8384K, reserved 1048576K
}
Event: 2.722 GC heap after
{Heap after GC invocations=13 (full 0):
 garbage-first heap   total 139264K, used 27715K [0x0000000709800000, 0x0000000800000000)
  region size 2048K, 1 young (2048K), 1 survivors (2048K)
 Metaspace       used 60303K, committed 60736K, reserved 1105920K
  class space    used 8150K, committed 8384K, reserved 1048576K
}
Event: 43.921 GC heap before
{Heap before GC invocations=14 (full 0):
 garbage-first heap   total 102400K, used 56387K [0x0000000709800000, 0x0000000800000000)
  region size 2048K, 16 young (32768K), 1 survivors (2048K)
 Metaspace       used 62291K, committed 62784K, reserved 1105920K
  class space    used 8459K, committed 8704K, reserved 1048576K
}
Event: 43.961 GC heap after
{Heap after GC invocations=15 (full 1):
 garbage-first heap   total 96256K, used 24265K [0x0000000709800000, 0x0000000800000000)
  region size 2048K, 0 young (0K), 0 survivors (0K)
 Metaspace       used 62291K, committed 62784K, reserved 1105920K
  class space    used 8459K, committed 8704K, reserved 1048576K
}
Event: 44.088 GC heap before
{Heap before GC invocations=15 (full 1):
 garbage-first heap   total 96256K, used 67273K [0x0000000709800000, 0x0000000800000000)
  region size 2048K, 22 young (45056K), 0 survivors (0K)
 Metaspace       used 62347K, committed 62848K, reserved 1105920K
  class space    used 8470K, committed 8704K, reserved 1048576K
}
Event: 44.089 GC heap after
{Heap after GC invocations=16 (full 1):
 garbage-first heap   total 96256K, used 26892K [0x0000000709800000, 0x0000000800000000)
  region size 2048K, 2 young (4096K), 2 survivors (4096K)
 Metaspace       used 62347K, committed 62848K, reserved 1105920K
  class space    used 8470K, committed 8704K, reserved 1048576K
}

