# JRE version: OpenJDK Runtime Environment Temurin-17.0.6+10 (17.0.6+10) (build 17.0.6+10)
# Java VM: OpenJDK 64-Bit Server VM Temurin-17.0.6+10 (17.0.6+10, mixed mode, emulated-client, tiered, compressed oops, compressed class ptrs, g1 gc, linux-amd64)
Heap:
 garbage-first heap   total 81920K, used 40007K [0x0000000709800000, 0x0000000800000000)
  region size 2048K, 8 young (16384K), 3 survivors (6144K)
 Metaspace       used 68318K, committed 68736K, reserved 1114112K
  class space    used 9229K, committed 9408K, reserved 1048576K
GC Heap History (20 events):
Event: 1.565 GC heap before
{Heap before GC invocations=9 (full 0):
 garbage-first heap   total 73728K, used 20840K [0x0000000709800000, 0x0000000800000000)
  region size 2048K, 7 young (14336K), 6 survivors (12288K)
 Metaspace       used 39493K, committed 39872K, reserved 1089536K
  class space    used 5026K, committed 5184K, reserved 1048576K
}
Event: 1.567 GC heap after
{Heap after GC invocations=10 (full 0):
 garbage-first heap   total 73728K, used 21572K [0x0000000709800000, 0x0000000800000000)
  region size 2048K, 1 young (2048K), 1 survivors (2048K)
 Metaspace       used 39493K, committed 39872K, reserved 1089536K
  class space    used 5026K, committed 5184K, reserved 1048576K
}
Event: 1.709 GC heap before
{Heap before GC invocations=10 (full 0):
 garbage-first heap   total 73728K, used 50244K [0x0000000709800000, 0x0000000800000000)
  region size 2048K, 16 young (32768K), 1 survivors (2048K)
 Metaspace       used 44914K, committed 45248K, reserved 1089536K
  class space    used 5689K, committed 5824K, reserved 1048576K
}
Event: 1.710 GC heap after
{Heap after GC invocations=11 (full 0):
 garbage-first heap   total 180224K, used 22097K [0x0000000709800000, 0x0000000800000000)
  region size 2048K, 1 young (2048K), 1 survivors (2048K)
 Metaspace       used 44914K, committed 45248K, reserved 1089536K
  class space    used 5689K, committed 5824K, reserved 1048576K
}
Event: 2.087 GC heap before
{Heap before GC invocations=11 (full 0):
 garbage-first heap   total 180224K, used 89681K [0x0000000709800000, 0x0000000800000000)
  region size 2048K, 35 young (71680K), 1 survivors (2048K)
 Metaspace       used 60417K, committed 60800K, reserved 1105920K
  class space    used 8118K, committed 8320K, reserved 1048576K
}
Event: 2.093 GC heap after
{Heap after GC invocations=12 (full 0):
 garbage-first heap   total 180224K, used 25600K [0x0000000709800000, 0x0000000800000000)
  region size 2048K, 3 young (6144K), 3 survivors (6144K)
 Metaspace       used 60417K, committed 60800K, reserved 1105920K
  class space    used 8118K, committed 8320K, reserved 1048576K
}
Event: 166.200 GC heap before
{Heap before GC invocations=13 (full 0):
 garbage-first heap   total 96256K, used 74752K [0x0000000709800000, 0x0000000800000000)
  region size 2048K, 28 young (57344K), 3 survivors (6144K)
 Metaspace       used 65724K, committed 66112K, reserved 1114112K
  class space    used 8913K, committed 9088K, reserved 1048576K
}
Event: 166.203 GC heap after
{Heap after GC invocations=14 (full 0):
 garbage-first heap   total 96256K, used 29325K [0x0000000709800000, 0x0000000800000000)
  region size 2048K, 4 young (8192K), 4 survivors (8192K)
 Metaspace       used 65724K, committed 66112K, reserved 1114112K
  class space    used 8913K, committed 9088K, reserved 1048576K
}
Event: 170.239 GC heap before
{Heap before GC invocations=14 (full 0):
 garbage-first heap   total 96256K, used 31373K [0x0000000709800000, 0x0000000800000000)
  region size 2048K, 5 young (10240K), 4 survivors (8192K)
 Metaspace       used 66281K, committed 66688K, reserved 1114112K
  class space    used 8981K, committed 9152K, reserved 1048576K
}
Event: 170.243 GC heap after
{Heap after GC invocations=15 (full 0):
 garbage-first heap   total 96256K, used 30030K [0x0000000709800000, 0x0000000800000000)
  region size 2048K, 1 young (2048K), 1 survivors (2048K)
 Metaspace       used 66281K, committed 66688K, reserved 1114112K
  class space    used 8981K, committed 9152K, reserved 1048576K
}
Event: 1365.277 GC heap before
{Heap before GC invocations=15 (full 0):
 garbage-first heap   total 96256K, used 70990K [0x0000000709800000, 0x0000000800000000)
  region size 2048K, 22 young (45056K), 1 survivors (2048K)
 Metaspace       used 67958K, committed 68416K, reserved 1114112K
  class space    used 9179K, committed 9408K, reserved 1048576K
}
Event: 1365.280 GC heap after
{Heap after GC invocations=16 (full 0):
 garbage-first heap   total 96256K, used 29320K [0x0000000709800000, 0x0000000800000000)
  region size 2048K, 1 young (2048K), 1 survivors (2048K)
 Metaspace       used 67958K, committed 68416K, reserved 1114112K
  class space    used 9179K, committed 9408K, reserved 1048576K
}
Event: 2728.668 GC heap before
{Heap before GC invocations=16 (full 0):
 garbage-first heap   total 96256K, used 72328K [0x0000000709800000, 0x0000000800000000)
  region size 2048K, 22 young (45056K), 1 survivors (2048K)
 Metaspace       used 67961K, committed 68416K, reserved 1114112K
  class space    used 9180K, committed 9408K, reserved 1048576K
}
Event: 2728.671 GC heap after
{Heap after GC invocations=17 (full 0):
 garbage-first heap   total 96256K, used 29298K [0x0000000709800000, 0x0000000800000000)
  region size 2048K, 1 young (2048K), 1 survivors (2048K)
 Metaspace       used 67961K, committed 68416K, reserved 1114112K
  class space    used 9180K, committed 9408K, reserved 1048576K
}
Event: 2893.877 GC heap before
{Heap before GC invocations=18 (full 0):
 garbage-first heap   total 96256K, used 35442K [0x0000000709800000, 0x0000000800000000)
  region size 2048K, 5 young (10240K), 1 survivors (2048K)
 Metaspace       used 67989K, committed 68480K, reserved 1114112K
  class space    used 9181K, committed 9408K, reserved 1048576K
}
Event: 2893.900 GC heap after
{Heap after GC invocations=19 (full 1):
 garbage-first heap   total 81920K, used 22011K [0x0000000709800000, 0x0000000800000000)
  region size 2048K, 0 young (0K), 0 survivors (0K)
 Metaspace       used 67987K, committed 68480K, reserved 1114112K
  class space    used 9180K, committed 9408K, reserved 1048576K
}
Event: 2895.581 GC heap before
{Heap before GC invocations=19 (full 1):
 garbage-first heap   total 81920K, used 62971K [0x0000000709800000, 0x0000000800000000)
  region size 2048K, 20 young (40960K), 0 survivors (0K)
 Metaspace       used 68081K, committed 68544K, reserved 1114112K
  class space    used 9200K, committed 9408K, reserved 1048576K
}
Event: 2895.583 GC heap after
{Heap after GC invocations=20 (full 1):
 garbage-first heap   total 81920K, used 26095K [0x0000000709800000, 0x0000000800000000)
  region size 2048K, 2 young (4096K), 2 survivors (4096K)
 Metaspace       used 68081K, committed 68544K, reserved 1114112K
  class space    used 9200K, committed 9408K, reserved 1048576K
}
Event: 2895.719 GC heap before
{Heap before GC invocations=21 (full 1):
 garbage-first heap   total 81920K, used 60911K [0x0000000709800000, 0x0000000800000000)
  region size 2048K, 20 young (40960K), 2 survivors (4096K)
 Metaspace       used 68261K, committed 68736K, reserved 1114112K
  class space    used 9219K, committed 9408K, reserved 1048576K
}
Event: 2895.721 GC heap after
{Heap after GC invocations=22 (full 1):
 garbage-first heap   total 81920K, used 30288K [0x0000000709800000, 0x0000000800000000)
  region size 2048K, 3 young (6144K), 3 survivors (6144K)
 Metaspace       used 68261K, committed 68736K, reserved 1114112K
  class space    used 9219K, committed 9408K, reserved 1048576K
}

